<?xml version="1.0" encoding="utf-8"?><testsuites name="pytest tests"><testsuite name="pytest" errors="0" failures="0" skipped="0" tests="12" time="1.426" timestamp="2026-05-29T13:55:47.536672+00:00" hostname="agent-env-653bffe2-afb5-4f4c-be9c-c86b7589131d"><testcase classname="tests.test_restaurant_api.TestMenu" name="test_menu_returns_13_categories" time="0.172" /><testcase classname="tests.test_restaurant_api.TestMenu" name="test_items_have_ids_and_option_groups" time="0.052" /><testcase classname="tests.test_restaurant_api.TestTables" name="test_list_12_tables_free" time="0.049" /><testcase classname="tests.test_restaurant_api.TestOrderFlow" name="test_01_open_order" time="0.155" /><testcase classname="tests.test_restaurant_api.TestOrderFlow" name="test_02_add_item_entrecote" time="0.099" /><testcase classname="tests.test_restaurant_api.TestOrderFlow" name="test_03_update_quantity" time="0.105" /><testcase classname="tests.test_restaurant_api.TestOrderFlow" name="test_04_send_marks_sent" time="0.092" /><testcase classname="tests.test_restaurant_api.TestOrderFlow" name="test_05_list_orders_filter" time="0.093" /><testcase classname="tests.test_restaurant_api.TestOrderFlow" name="test_06_delete_item" time="0.142" /><testcase classname="tests.test_restaurant_api.TestOrderFlow" name="test_07_close_order_frees_table" time="0.142" /><testcase classname="tests.test_restaurant_api.TestErrors" name="test_open_order_unknown_table" time="0.052" /><testcase classname="tests.test_restaurant_api.TestErrors" name="test_get_unknown_order" time="0.046" /></testsuite></testsuites>